2016/04/15 13:47:41 [error] [exception.CException] exception 'CException' with message 'Property "Santri.Perwalian_nip_santri" is not defined.' in C:\xampp\htdocs\yii\base\CComponent.php:130
Stack trace:
#0 C:\xampp\htdocs\yii\db\ar\CActiveRecord.php(145): CComponent->__get('Perwalian_nip_s...')
#1 C:\xampp\htdocs\yii\web\helpers\CHtml.php(2729): CActiveRecord->__get('Perwalian_nip_s...')
#2 C:\xampp\htdocs\yii\web\helpers\CHtml.php(2452): CHtml::resolveValue(Object(Santri), 'Perwalian_nip_s...')
#3 C:\xampp\htdocs\yii\web\helpers\CHtml.php(1534): CHtml::activeInputField('text', Object(Santri), 'Perwalian_nip_s...', Array)
#4 C:\xampp\htdocs\yii\web\widgets\CActiveForm.php(792): CHtml::activeTextField(Object(Santri), 'Perwalian_nip_s...', Array)
#5 C:\xampp\htdocs\siadm\protected\views\santri\_form.php(123): CActiveForm->textField(Object(Santri), 'Perwalian_nip_s...', Array)
#6 C:\xampp\htdocs\yii\web\CBaseController.php(126): require('C:\\xampp\\htdocs...')
#7 C:\xampp\htdocs\yii\web\CBaseController.php(95): CBaseController->renderInternal('C:\\xampp\\htdocs...', Array, true)
#8 C:\xampp\htdocs\yii\web\CController.php(869): CBaseController->renderFile('C:\\xampp\\htdocs...', Array, true)
#9 C:\xampp\htdocs\siadm\protected\views\santri\create.php(18): CController->renderPartial('_form', Array)
#10 C:\xampp\htdocs\yii\web\CBaseController.php(126): require('C:\\xampp\\htdocs...')
#11 C:\xampp\htdocs\yii\web\CBaseController.php(95): CBaseController->renderInternal('C:\\xampp\\htdocs...', Array, true)
#12 C:\xampp\htdocs\yii\web\CController.php(869): CBaseController->renderFile('C:\\xampp\\htdocs...', Array, true)
#13 C:\xampp\htdocs\yii\web\CController.php(782): CController->renderPartial('create', Array, true)
#14 C:\xampp\htdocs\siadm\protected\controllers\SantriController.php(81): CController->render('create', Array)
#15 C:\xampp\htdocs\yii\web\actions\CInlineAction.php(49): SantriController->actionCreate()
#16 C:\xampp\htdocs\yii\web\CController.php(308): CInlineAction->runWithParams(Array)
#17 C:\xampp\htdocs\yii\web\filters\CFilterChain.php(133): CController->runAction(Object(CInlineAction))
#18 C:\xampp\htdocs\yii\web\filters\CFilter.php(40): CFilterChain->run()
#19 C:\xampp\htdocs\yii\web\CController.php(1145): CFilter->filter(Object(CFilterChain))
#20 C:\xampp\htdocs\yii\web\filters\CInlineFilter.php(58): CController->filterAccessControl(Object(CFilterChain))
#21 C:\xampp\htdocs\yii\web\filters\CFilterChain.php(130): CInlineFilter->filter(Object(CFilterChain))
#22 C:\xampp\htdocs\yii\web\CController.php(291): CFilterChain->run()
#23 C:\xampp\htdocs\yii\web\CController.php(265): CController->runActionWithFilters(Object(CInlineAction), Array)
#24 C:\xampp\htdocs\yii\web\CWebApplication.php(282): CController->run('create')
#25 C:\xampp\htdocs\yii\web\CWebApplication.php(141): CWebApplication->runController('Santri/create')
#26 C:\xampp\htdocs\yii\base\CApplication.php(185): CWebApplication->processRequest()
#27 C:\xampp\htdocs\siadm\index.php(13): CApplication->run()
#28 {main}
REQUEST_URI=/siadm/index.php/Santri/create
HTTP_REFERER=http://localhost/siadm/index.php/site/index
---
2016/04/15 13:51:43 [error] [exception.CException] exception 'CException' with message 'Property "Santri.Perwalian_nip_santri" is not defined.' in C:\xampp\htdocs\yii\base\CComponent.php:130
Stack trace:
#0 C:\xampp\htdocs\yii\db\ar\CActiveRecord.php(145): CComponent->__get('Perwalian_nip_s...')
#1 C:\xampp\htdocs\yii\validators\CRequiredValidator.php(58): CActiveRecord->__get('Perwalian_nip_s...')
#2 C:\xampp\htdocs\yii\validators\CValidator.php(201): CRequiredValidator->validateAttribute(Object(Santri), 'Perwalian_nip_s...')
#3 C:\xampp\htdocs\yii\base\CModel.php(159): CValidator->validate(Object(Santri), NULL)
#4 C:\xampp\htdocs\yii\db\ar\CActiveRecord.php(808): CModel->validate(NULL)
#5 C:\xampp\htdocs\siadm\protected\controllers\SantriController.php(75): CActiveRecord->save()
#6 C:\xampp\htdocs\yii\web\actions\CInlineAction.php(49): SantriController->actionCreate()
#7 C:\xampp\htdocs\yii\web\CController.php(308): CInlineAction->runWithParams(Array)
#8 C:\xampp\htdocs\yii\web\filters\CFilterChain.php(133): CController->runAction(Object(CInlineAction))
#9 C:\xampp\htdocs\yii\web\filters\CFilter.php(40): CFilterChain->run()
#10 C:\xampp\htdocs\yii\web\CController.php(1145): CFilter->filter(Object(CFilterChain))
#11 C:\xampp\htdocs\yii\web\filters\CInlineFilter.php(58): CController->filterAccessControl(Object(CFilterChain))
#12 C:\xampp\htdocs\yii\web\filters\CFilterChain.php(130): CInlineFilter->filter(Object(CFilterChain))
#13 C:\xampp\htdocs\yii\web\CController.php(291): CFilterChain->run()
#14 C:\xampp\htdocs\yii\web\CController.php(265): CController->runActionWithFilters(Object(CInlineAction), Array)
#15 C:\xampp\htdocs\yii\web\CWebApplication.php(282): CController->run('create')
#16 C:\xampp\htdocs\yii\web\CWebApplication.php(141): CWebApplication->runController('Santri/create')
#17 C:\xampp\htdocs\yii\base\CApplication.php(185): CWebApplication->processRequest()
#18 C:\xampp\htdocs\siadm\index.php(13): CApplication->run()
#19 {main}
REQUEST_URI=/siadm/index.php/Santri/create
HTTP_REFERER=http://localhost/siadm/index.php/Santri/create
---
2016/04/15 14:16:49 [error] [php] include(timestamp.php): failed to open stream: No such file or directory (C:\xampp\htdocs\yii\YiiBase.php:432)
Stack trace:
#0 unknown(0): spl_autoload_call()
#1 C:\xampp\htdocs\yii\YiiBase.php(303): class_exists()
#2 C:\xampp\htdocs\yii\validators\CValidator.php(174): import()
#3 C:\xampp\htdocs\yii\base\CModel.php(287): createValidator()
#4 C:\xampp\htdocs\yii\base\CModel.php(260): Santri->createValidators()
#5 C:\xampp\htdocs\yii\base\CModel.php(304): Santri->getValidators()
#6 C:\xampp\htdocs\yii\web\helpers\CHtml.php(1514): Santri->isAttributeRequired()
#7 C:\xampp\htdocs\yii\web\widgets\CActiveForm.php(600): activeLabelEx()
#8 C:\xampp\htdocs\siadm\protected\views\santri\_form.php(23): CActiveForm->labelEx()
#9 C:\xampp\htdocs\yii\web\CBaseController.php(126): require()
#10 C:\xampp\htdocs\yii\web\CBaseController.php(95): SantriController->renderInternal()
#11 C:\xampp\htdocs\yii\web\CController.php(869): SantriController->renderFile()
#12 C:\xampp\htdocs\siadm\protected\views\santri\create.php(18): SantriController->renderPartial()
#13 C:\xampp\htdocs\yii\web\CBaseController.php(126): require()
#14 C:\xampp\htdocs\yii\web\CBaseController.php(95): SantriController->renderInternal()
#15 C:\xampp\htdocs\yii\web\CController.php(869): SantriController->renderFile()
#16 C:\xampp\htdocs\yii\web\CController.php(782): SantriController->renderPartial()
#17 C:\xampp\htdocs\siadm\protected\controllers\SantriController.php(81): SantriController->render()
#18 C:\xampp\htdocs\yii\web\actions\CInlineAction.php(49): SantriController->actionCreate()
#19 C:\xampp\htdocs\yii\web\CController.php(308): CInlineAction->runWithParams()
#20 C:\xampp\htdocs\yii\web\filters\CFilterChain.php(133): SantriController->runAction()
#21 C:\xampp\htdocs\yii\web\filters\CFilter.php(40): CFilterChain->run()
#22 C:\xampp\htdocs\yii\web\CController.php(1145): CAccessControlFilter->filter()
#23 C:\xampp\htdocs\yii\web\filters\CInlineFilter.php(58): SantriController->filterAccessControl()
#24 C:\xampp\htdocs\yii\web\filters\CFilterChain.php(130): CInlineFilter->filter()
#25 C:\xampp\htdocs\yii\web\CController.php(291): CFilterChain->run()
#26 C:\xampp\htdocs\yii\web\CController.php(265): SantriController->runActionWithFilters()
#27 C:\xampp\htdocs\yii\web\CWebApplication.php(282): SantriController->run()
#28 C:\xampp\htdocs\yii\web\CWebApplication.php(141): CWebApplication->runController()
#29 C:\xampp\htdocs\yii\base\CApplication.php(185): CWebApplication->processRequest()
#30 C:\xampp\htdocs\siadm\index.php(13): CWebApplication->run()
REQUEST_URI=/siadm/index.php/Santri/create
in C:\xampp\htdocs\siadm\protected\views\santri\_form.php (23)
in C:\xampp\htdocs\siadm\protected\views\santri\create.php (18)
in C:\xampp\htdocs\siadm\protected\controllers\SantriController.php (81)
2016/04/15 14:17:06 [error] [php] include(timestamp.php): failed to open stream: No such file or directory (C:\xampp\htdocs\yii\YiiBase.php:432)
Stack trace:
#0 unknown(0): spl_autoload_call()
#1 C:\xampp\htdocs\yii\YiiBase.php(303): class_exists()
#2 C:\xampp\htdocs\yii\validators\CValidator.php(174): import()
#3 C:\xampp\htdocs\yii\base\CModel.php(287): createValidator()
#4 C:\xampp\htdocs\yii\base\CModel.php(260): Santri->createValidators()
#5 C:\xampp\htdocs\yii\base\CModel.php(304): Santri->getValidators()
#6 C:\xampp\htdocs\yii\web\helpers\CHtml.php(1514): Santri->isAttributeRequired()
#7 C:\xampp\htdocs\yii\web\widgets\CActiveForm.php(600): activeLabelEx()
#8 C:\xampp\htdocs\siadm\protected\views\santri\_form.php(23): CActiveForm->labelEx()
#9 C:\xampp\htdocs\yii\web\CBaseController.php(126): require()
#10 C:\xampp\htdocs\yii\web\CBaseController.php(95): SantriController->renderInternal()
#11 C:\xampp\htdocs\yii\web\CController.php(869): SantriController->renderFile()
#12 C:\xampp\htdocs\siadm\protected\views\santri\create.php(18): SantriController->renderPartial()
#13 C:\xampp\htdocs\yii\web\CBaseController.php(126): require()
#14 C:\xampp\htdocs\yii\web\CBaseController.php(95): SantriController->renderInternal()
#15 C:\xampp\htdocs\yii\web\CController.php(869): SantriController->renderFile()
#16 C:\xampp\htdocs\yii\web\CController.php(782): SantriController->renderPartial()
#17 C:\xampp\htdocs\siadm\protected\controllers\SantriController.php(81): SantriController->render()
#18 C:\xampp\htdocs\yii\web\actions\CInlineAction.php(49): SantriController->actionCreate()
#19 C:\xampp\htdocs\yii\web\CController.php(308): CInlineAction->runWithParams()
#20 C:\xampp\htdocs\yii\web\filters\CFilterChain.php(133): SantriController->runAction()
#21 C:\xampp\htdocs\yii\web\filters\CFilter.php(40): CFilterChain->run()
#22 C:\xampp\htdocs\yii\web\CController.php(1145): CAccessControlFilter->filter()
#23 C:\xampp\htdocs\yii\web\filters\CInlineFilter.php(58): SantriController->filterAccessControl()
#24 C:\xampp\htdocs\yii\web\filters\CFilterChain.php(130): CInlineFilter->filter()
#25 C:\xampp\htdocs\yii\web\CController.php(291): CFilterChain->run()
#26 C:\xampp\htdocs\yii\web\CController.php(265): SantriController->runActionWithFilters()
#27 C:\xampp\htdocs\yii\web\CWebApplication.php(282): SantriController->run()
#28 C:\xampp\htdocs\yii\web\CWebApplication.php(141): CWebApplication->runController()
#29 C:\xampp\htdocs\yii\base\CApplication.php(185): CWebApplication->processRequest()
#30 C:\xampp\htdocs\siadm\index.php(13): CWebApplication->run()
REQUEST_URI=/siadm/index.php/Santri/create
in C:\xampp\htdocs\siadm\protected\views\santri\_form.php (23)
in C:\xampp\htdocs\siadm\protected\views\santri\create.php (18)
in C:\xampp\htdocs\siadm\protected\controllers\SantriController.php (81)
2016/04/15 14:19:01 [error] [php] include(timestamp.php): failed to open stream: No such file or directory (C:\xampp\htdocs\yii\YiiBase.php:432)
Stack trace:
#0 unknown(0): spl_autoload_call()
#1 C:\xampp\htdocs\yii\YiiBase.php(303): class_exists()
#2 C:\xampp\htdocs\yii\validators\CValidator.php(174): import()
#3 C:\xampp\htdocs\yii\base\CModel.php(287): createValidator()
#4 C:\xampp\htdocs\yii\base\CModel.php(260): Santri->createValidators()
#5 C:\xampp\htdocs\yii\base\CModel.php(304): Santri->getValidators()
#6 C:\xampp\htdocs\yii\web\helpers\CHtml.php(1514): Santri->isAttributeRequired()
#7 C:\xampp\htdocs\yii\web\widgets\CActiveForm.php(600): activeLabelEx()
#8 C:\xampp\htdocs\siadm\protected\views\santri\_form.php(23): CActiveForm->labelEx()
#9 C:\xampp\htdocs\yii\web\CBaseController.php(126): require()
#10 C:\xampp\htdocs\yii\web\CBaseController.php(95): SantriController->renderInternal()
#11 C:\xampp\htdocs\yii\web\CController.php(869): SantriController->renderFile()
#12 C:\xampp\htdocs\siadm\protected\views\santri\create.php(18): SantriController->renderPartial()
#13 C:\xampp\htdocs\yii\web\CBaseController.php(126): require()
#14 C:\xampp\htdocs\yii\web\CBaseController.php(95): SantriController->renderInternal()
#15 C:\xampp\htdocs\yii\web\CController.php(869): SantriController->renderFile()
#16 C:\xampp\htdocs\yii\web\CController.php(782): SantriController->renderPartial()
#17 C:\xampp\htdocs\siadm\protected\controllers\SantriController.php(81): SantriController->render()
#18 C:\xampp\htdocs\yii\web\actions\CInlineAction.php(49): SantriController->actionCreate()
#19 C:\xampp\htdocs\yii\web\CController.php(308): CInlineAction->runWithParams()
#20 C:\xampp\htdocs\yii\web\filters\CFilterChain.php(133): SantriController->runAction()
#21 C:\xampp\htdocs\yii\web\filters\CFilter.php(40): CFilterChain->run()
#22 C:\xampp\htdocs\yii\web\CController.php(1145): CAccessControlFilter->filter()
#23 C:\xampp\htdocs\yii\web\filters\CInlineFilter.php(58): SantriController->filterAccessControl()
#24 C:\xampp\htdocs\yii\web\filters\CFilterChain.php(130): CInlineFilter->filter()
#25 C:\xampp\htdocs\yii\web\CController.php(291): CFilterChain->run()
#26 C:\xampp\htdocs\yii\web\CController.php(265): SantriController->runActionWithFilters()
#27 C:\xampp\htdocs\yii\web\CWebApplication.php(282): SantriController->run()
#28 C:\xampp\htdocs\yii\web\CWebApplication.php(141): CWebApplication->runController()
#29 C:\xampp\htdocs\yii\base\CApplication.php(185): CWebApplication->processRequest()
#30 C:\xampp\htdocs\siadm\index.php(13): CWebApplication->run()
REQUEST_URI=/siadm/index.php/Santri/create
in C:\xampp\htdocs\siadm\protected\views\santri\_form.php (23)
in C:\xampp\htdocs\siadm\protected\views\santri\create.php (18)
in C:\xampp\htdocs\siadm\protected\controllers\SantriController.php (81)
2016/04/15 14:19:21 [error] [php] include(timestamp.php): failed to open stream: No such file or directory (C:\xampp\htdocs\yii\YiiBase.php:432)
Stack trace:
#0 unknown(0): spl_autoload_call()
#1 C:\xampp\htdocs\yii\YiiBase.php(303): class_exists()
#2 C:\xampp\htdocs\yii\validators\CValidator.php(174): import()
#3 C:\xampp\htdocs\yii\base\CModel.php(287): createValidator()
#4 C:\xampp\htdocs\yii\base\CModel.php(260): Santri->createValidators()
#5 C:\xampp\htdocs\yii\base\CModel.php(304): Santri->getValidators()
#6 C:\xampp\htdocs\yii\web\helpers\CHtml.php(1514): Santri->isAttributeRequired()
#7 C:\xampp\htdocs\yii\web\widgets\CActiveForm.php(600): activeLabelEx()
#8 C:\xampp\htdocs\siadm\protected\views\santri\_form.php(23): CActiveForm->labelEx()
#9 C:\xampp\htdocs\yii\web\CBaseController.php(126): require()
#10 C:\xampp\htdocs\yii\web\CBaseController.php(95): SantriController->renderInternal()
#11 C:\xampp\htdocs\yii\web\CController.php(869): SantriController->renderFile()
#12 C:\xampp\htdocs\siadm\protected\views\santri\create.php(18): SantriController->renderPartial()
#13 C:\xampp\htdocs\yii\web\CBaseController.php(126): require()
#14 C:\xampp\htdocs\yii\web\CBaseController.php(95): SantriController->renderInternal()
#15 C:\xampp\htdocs\yii\web\CController.php(869): SantriController->renderFile()
#16 C:\xampp\htdocs\yii\web\CController.php(782): SantriController->renderPartial()
#17 C:\xampp\htdocs\siadm\protected\controllers\SantriController.php(81): SantriController->render()
#18 C:\xampp\htdocs\yii\web\actions\CInlineAction.php(49): SantriController->actionCreate()
#19 C:\xampp\htdocs\yii\web\CController.php(308): CInlineAction->runWithParams()
#20 C:\xampp\htdocs\yii\web\filters\CFilterChain.php(133): SantriController->runAction()
#21 C:\xampp\htdocs\yii\web\filters\CFilter.php(40): CFilterChain->run()
#22 C:\xampp\htdocs\yii\web\CController.php(1145): CAccessControlFilter->filter()
#23 C:\xampp\htdocs\yii\web\filters\CInlineFilter.php(58): SantriController->filterAccessControl()
#24 C:\xampp\htdocs\yii\web\filters\CFilterChain.php(130): CInlineFilter->filter()
#25 C:\xampp\htdocs\yii\web\CController.php(291): CFilterChain->run()
#26 C:\xampp\htdocs\yii\web\CController.php(265): SantriController->runActionWithFilters()
#27 C:\xampp\htdocs\yii\web\CWebApplication.php(282): SantriController->run()
#28 C:\xampp\htdocs\yii\web\CWebApplication.php(141): CWebApplication->runController()
#29 C:\xampp\htdocs\yii\base\CApplication.php(185): CWebApplication->processRequest()
#30 C:\xampp\htdocs\siadm\index.php(13): CWebApplication->run()
REQUEST_URI=/siadm/index.php/Santri/create
in C:\xampp\htdocs\siadm\protected\views\santri\_form.php (23)
in C:\xampp\htdocs\siadm\protected\views\santri\create.php (18)
in C:\xampp\htdocs\siadm\protected\controllers\SantriController.php (81)
2016/04/15 14:19:40 [error] [php] include(timestamp.php): failed to open stream: No such file or directory (C:\xampp\htdocs\yii\YiiBase.php:432)
Stack trace:
#0 unknown(0): spl_autoload_call()
#1 C:\xampp\htdocs\yii\YiiBase.php(303): class_exists()
#2 C:\xampp\htdocs\yii\validators\CValidator.php(174): import()
#3 C:\xampp\htdocs\yii\base\CModel.php(287): createValidator()
#4 C:\xampp\htdocs\yii\base\CModel.php(260): Santri->createValidators()
#5 C:\xampp\htdocs\yii\base\CModel.php(304): Santri->getValidators()
#6 C:\xampp\htdocs\yii\web\helpers\CHtml.php(1514): Santri->isAttributeRequired()
#7 C:\xampp\htdocs\yii\web\widgets\CActiveForm.php(600): activeLabelEx()
#8 C:\xampp\htdocs\siadm\protected\views\santri\_form.php(23): CActiveForm->labelEx()
#9 C:\xampp\htdocs\yii\web\CBaseController.php(126): require()
#10 C:\xampp\htdocs\yii\web\CBaseController.php(95): SantriController->renderInternal()
#11 C:\xampp\htdocs\yii\web\CController.php(869): SantriController->renderFile()
#12 C:\xampp\htdocs\siadm\protected\views\santri\create.php(18): SantriController->renderPartial()
#13 C:\xampp\htdocs\yii\web\CBaseController.php(126): require()
#14 C:\xampp\htdocs\yii\web\CBaseController.php(95): SantriController->renderInternal()
#15 C:\xampp\htdocs\yii\web\CController.php(869): SantriController->renderFile()
#16 C:\xampp\htdocs\yii\web\CController.php(782): SantriController->renderPartial()
#17 C:\xampp\htdocs\siadm\protected\controllers\SantriController.php(81): SantriController->render()
#18 C:\xampp\htdocs\yii\web\actions\CInlineAction.php(49): SantriController->actionCreate()
#19 C:\xampp\htdocs\yii\web\CController.php(308): CInlineAction->runWithParams()
#20 C:\xampp\htdocs\yii\web\filters\CFilterChain.php(133): SantriController->runAction()
#21 C:\xampp\htdocs\yii\web\filters\CFilter.php(40): CFilterChain->run()
#22 C:\xampp\htdocs\yii\web\CController.php(1145): CAccessControlFilter->filter()
#23 C:\xampp\htdocs\yii\web\filters\CInlineFilter.php(58): SantriController->filterAccessControl()
#24 C:\xampp\htdocs\yii\web\filters\CFilterChain.php(130): CInlineFilter->filter()
#25 C:\xampp\htdocs\yii\web\CController.php(291): CFilterChain->run()
#26 C:\xampp\htdocs\yii\web\CController.php(265): SantriController->runActionWithFilters()
#27 C:\xampp\htdocs\yii\web\CWebApplication.php(282): SantriController->run()
#28 C:\xampp\htdocs\yii\web\CWebApplication.php(141): CWebApplication->runController()
#29 C:\xampp\htdocs\yii\base\CApplication.php(185): CWebApplication->processRequest()
#30 C:\xampp\htdocs\siadm\index.php(13): CWebApplication->run()
REQUEST_URI=/siadm/index.php/Santri/create
in C:\xampp\htdocs\siadm\protected\views\santri\_form.php (23)
in C:\xampp\htdocs\siadm\protected\views\santri\create.php (18)
in C:\xampp\htdocs\siadm\protected\controllers\SantriController.php (81)
2016/04/15 15:02:00 [error] [exception.CException] exception 'CException' with message 'Property "Santri.image" is not defined.' in C:\xampp\htdocs\yii\base\CComponent.php:173
Stack trace:
#0 C:\xampp\htdocs\yii\db\ar\CActiveRecord.php(161): CComponent->__set('image', '85800-')
#1 C:\xampp\htdocs\siadm\protected\controllers\SantriController.php(79): CActiveRecord->__set('image', '85800-')
#2 C:\xampp\htdocs\yii\web\actions\CInlineAction.php(49): SantriController->actionCreate()
#3 C:\xampp\htdocs\yii\web\CController.php(308): CInlineAction->runWithParams(Array)
#4 C:\xampp\htdocs\yii\web\filters\CFilterChain.php(133): CController->runAction(Object(CInlineAction))
#5 C:\xampp\htdocs\yii\web\filters\CFilter.php(40): CFilterChain->run()
#6 C:\xampp\htdocs\yii\web\CController.php(1145): CFilter->filter(Object(CFilterChain))
#7 C:\xampp\htdocs\yii\web\filters\CInlineFilter.php(58): CController->filterAccessControl(Object(CFilterChain))
#8 C:\xampp\htdocs\yii\web\filters\CFilterChain.php(130): CInlineFilter->filter(Object(CFilterChain))
#9 C:\xampp\htdocs\yii\web\CController.php(291): CFilterChain->run()
#10 C:\xampp\htdocs\yii\web\CController.php(265): CController->runActionWithFilters(Object(CInlineAction), Array)
#11 C:\xampp\htdocs\yii\web\CWebApplication.php(282): CController->run('create')
#12 C:\xampp\htdocs\yii\web\CWebApplication.php(141): CWebApplication->runController('santri/create')
#13 C:\xampp\htdocs\yii\base\CApplication.php(185): CWebApplication->processRequest()
#14 C:\xampp\htdocs\siadm\index.php(13): CApplication->run()
#15 {main}
REQUEST_URI=/siadm/index.php/santri/create
HTTP_REFERER=http://localhost/siadm/index.php/santri/create
---
2016/04/15 15:02:20 [error] [exception.CException] exception 'CException' with message 'Property "Santri.image" is not defined.' in C:\xampp\htdocs\yii\base\CComponent.php:173
Stack trace:
#0 C:\xampp\htdocs\yii\db\ar\CActiveRecord.php(161): CComponent->__set('image', '47705-')
#1 C:\xampp\htdocs\siadm\protected\controllers\SantriController.php(79): CActiveRecord->__set('image', '47705-')
#2 C:\xampp\htdocs\yii\web\actions\CInlineAction.php(49): SantriController->actionCreate()
#3 C:\xampp\htdocs\yii\web\CController.php(308): CInlineAction->runWithParams(Array)
#4 C:\xampp\htdocs\yii\web\filters\CFilterChain.php(133): CController->runAction(Object(CInlineAction))
#5 C:\xampp\htdocs\yii\web\filters\CFilter.php(40): CFilterChain->run()
#6 C:\xampp\htdocs\yii\web\CController.php(1145): CFilter->filter(Object(CFilterChain))
#7 C:\xampp\htdocs\yii\web\filters\CInlineFilter.php(58): CController->filterAccessControl(Object(CFilterChain))
#8 C:\xampp\htdocs\yii\web\filters\CFilterChain.php(130): CInlineFilter->filter(Object(CFilterChain))
#9 C:\xampp\htdocs\yii\web\CController.php(291): CFilterChain->run()
#10 C:\xampp\htdocs\yii\web\CController.php(265): CController->runActionWithFilters(Object(CInlineAction), Array)
#11 C:\xampp\htdocs\yii\web\CWebApplication.php(282): CController->run('create')
#12 C:\xampp\htdocs\yii\web\CWebApplication.php(141): CWebApplication->runController('santri/create')
#13 C:\xampp\htdocs\yii\base\CApplication.php(185): CWebApplication->processRequest()
#14 C:\xampp\htdocs\siadm\index.php(13): CApplication->run()
#15 {main}
REQUEST_URI=/siadm/index.php/santri/create
HTTP_REFERER=http://localhost/siadm/index.php/santri/create
---
2016/04/15 15:23:55 [error] [exception.CException] exception 'CException' with message 'Property "Santri.image" is not defined.' in C:\xampp\htdocs\yii\base\CComponent.php:173
Stack trace:
#0 C:\xampp\htdocs\yii\db\ar\CActiveRecord.php(161): CComponent->__set('image', '42306-')
#1 C:\xampp\htdocs\siadm\protected\controllers\SantriController.php(79): CActiveRecord->__set('image', '42306-')
#2 C:\xampp\htdocs\yii\web\actions\CInlineAction.php(49): SantriController->actionCreate()
#3 C:\xampp\htdocs\yii\web\CController.php(308): CInlineAction->runWithParams(Array)
#4 C:\xampp\htdocs\yii\web\filters\CFilterChain.php(133): CController->runAction(Object(CInlineAction))
#5 C:\xampp\htdocs\yii\web\filters\CFilter.php(40): CFilterChain->run()
#6 C:\xampp\htdocs\yii\web\CController.php(1145): CFilter->filter(Object(CFilterChain))
#7 C:\xampp\htdocs\yii\web\filters\CInlineFilter.php(58): CController->filterAccessControl(Object(CFilterChain))
#8 C:\xampp\htdocs\yii\web\filters\CFilterChain.php(130): CInlineFilter->filter(Object(CFilterChain))
#9 C:\xampp\htdocs\yii\web\CController.php(291): CFilterChain->run()
#10 C:\xampp\htdocs\yii\web\CController.php(265): CController->runActionWithFilters(Object(CInlineAction), Array)
#11 C:\xampp\htdocs\yii\web\CWebApplication.php(282): CController->run('create')
#12 C:\xampp\htdocs\yii\web\CWebApplication.php(141): CWebApplication->runController('santri/create')
#13 C:\xampp\htdocs\yii\base\CApplication.php(185): CWebApplication->processRequest()
#14 C:\xampp\htdocs\siadm\index.php(13): CApplication->run()
#15 {main}
REQUEST_URI=/siadm/index.php/santri/create
HTTP_REFERER=http://localhost/siadm/index.php/santri/create
---
2016/04/15 15:25:53 [error] [exception.CException] exception 'CException' with message 'Property "Santri.image" is not defined.' in C:\xampp\htdocs\yii\base\CComponent.php:173
Stack trace:
#0 C:\xampp\htdocs\yii\db\ar\CActiveRecord.php(161): CComponent->__set('image', '25646-320432_41...')
#1 C:\xampp\htdocs\siadm\protected\controllers\SantriController.php(79): CActiveRecord->__set('image', '25646-320432_41...')
#2 C:\xampp\htdocs\yii\web\actions\CInlineAction.php(49): SantriController->actionCreate()
#3 C:\xampp\htdocs\yii\web\CController.php(308): CInlineAction->runWithParams(Array)
#4 C:\xampp\htdocs\yii\web\filters\CFilterChain.php(133): CController->runAction(Object(CInlineAction))
#5 C:\xampp\htdocs\yii\web\filters\CFilter.php(40): CFilterChain->run()
#6 C:\xampp\htdocs\yii\web\CController.php(1145): CFilter->filter(Object(CFilterChain))
#7 C:\xampp\htdocs\yii\web\filters\CInlineFilter.php(58): CController->filterAccessControl(Object(CFilterChain))
#8 C:\xampp\htdocs\yii\web\filters\CFilterChain.php(130): CInlineFilter->filter(Object(CFilterChain))
#9 C:\xampp\htdocs\yii\web\CController.php(291): CFilterChain->run()
#10 C:\xampp\htdocs\yii\web\CController.php(265): CController->runActionWithFilters(Object(CInlineAction), Array)
#11 C:\xampp\htdocs\yii\web\CWebApplication.php(282): CController->run('create')
#12 C:\xampp\htdocs\yii\web\CWebApplication.php(141): CWebApplication->runController('santri/create')
#13 C:\xampp\htdocs\yii\base\CApplication.php(185): CWebApplication->processRequest()
#14 C:\xampp\htdocs\siadm\index.php(13): CApplication->run()
#15 {main}
REQUEST_URI=/siadm/index.php/santri/create
HTTP_REFERER=http://localhost/siadm/index.php/santri/create
---
2016/04/15 15:27:07 [error] [php] move_uploaded_file(C:\xampp\htdocs\siadm\protected/../Santri/51943-320432_4187049552564_1630036279_n.jpg): failed to open stream: No such file or directory (C:\xampp\htdocs\yii\web\CUploadedFile.php:201)
Stack trace:
#0 C:\xampp\htdocs\yii\web\actions\CInlineAction.php(49): SantriController->actionCreate()
#1 C:\xampp\htdocs\yii\web\CController.php(308): CInlineAction->runWithParams()
#2 C:\xampp\htdocs\yii\web\filters\CFilterChain.php(133): SantriController->runAction()
#3 C:\xampp\htdocs\yii\web\filters\CFilter.php(40): CFilterChain->run()
#4 C:\xampp\htdocs\yii\web\CController.php(1145): CAccessControlFilter->filter()
#5 C:\xampp\htdocs\yii\web\filters\CInlineFilter.php(58): SantriController->filterAccessControl()
#6 C:\xampp\htdocs\yii\web\filters\CFilterChain.php(130): CInlineFilter->filter()
#7 C:\xampp\htdocs\yii\web\CController.php(291): CFilterChain->run()
#8 C:\xampp\htdocs\yii\web\CController.php(265): SantriController->runActionWithFilters()
#9 C:\xampp\htdocs\yii\web\CWebApplication.php(282): SantriController->run()
#10 C:\xampp\htdocs\yii\web\CWebApplication.php(141): CWebApplication->runController()
#11 C:\xampp\htdocs\yii\base\CApplication.php(185): CWebApplication->processRequest()
#12 C:\xampp\htdocs\siadm\index.php(13): CWebApplication->run()
REQUEST_URI=/siadm/index.php/santri/create
in C:\xampp\htdocs\siadm\protected\controllers\SantriController.php (82)
in C:\xampp\htdocs\siadm\index.php (13)
2016/04/15 15:31:28 [error] [exception.CHttpException.404] exception 'CHttpException' with message 'The requested page does not exist.' in C:\xampp\htdocs\siadm\protected\controllers\SantriController.php:189
Stack trace:
#0 C:\xampp\htdocs\siadm\protected\controllers\SantriController.php(57): SantriController->loadModel('21322')
#1 [internal function]: SantriController->actionView('21322')
#2 C:\xampp\htdocs\yii\web\actions\CAction.php(109): ReflectionMethod->invokeArgs(Object(SantriController), Array)
#3 C:\xampp\htdocs\yii\web\actions\CInlineAction.php(47): CAction->runWithParamsInternal(Object(SantriController), Object(ReflectionMethod), Array)
#4 C:\xampp\htdocs\yii\web\CController.php(308): CInlineAction->runWithParams(Array)
#5 C:\xampp\htdocs\yii\web\filters\CFilterChain.php(133): CController->runAction(Object(CInlineAction))
#6 C:\xampp\htdocs\yii\web\filters\CFilter.php(40): CFilterChain->run()
#7 C:\xampp\htdocs\yii\web\CController.php(1145): CFilter->filter(Object(CFilterChain))
#8 C:\xampp\htdocs\yii\web\filters\CInlineFilter.php(58): CController->filterAccessControl(Object(CFilterChain))
#9 C:\xampp\htdocs\yii\web\filters\CFilterChain.php(130): CInlineFilter->filter(Object(CFilterChain))
#10 C:\xampp\htdocs\yii\web\CController.php(291): CFilterChain->run()
#11 C:\xampp\htdocs\yii\web\CController.php(265): CController->runActionWithFilters(Object(CInlineAction), Array)
#12 C:\xampp\htdocs\yii\web\CWebApplication.php(282): CController->run('view')
#13 C:\xampp\htdocs\yii\web\CWebApplication.php(141): CWebApplication->runController('santri/view')
#14 C:\xampp\htdocs\yii\base\CApplication.php(185): CWebApplication->processRequest()
#15 C:\xampp\htdocs\siadm\index.php(13): CApplication->run()
#16 {main}
REQUEST_URI=/siadm/index.php/santri/21322
HTTP_REFERER=http://localhost/siadm/index.php/santri/create
---
2016/04/15 15:34:06 [error] [exception.CHttpException.404] exception 'CHttpException' with message 'The requested page does not exist.' in C:\xampp\htdocs\siadm\protected\controllers\SantriController.php:189
Stack trace:
#0 C:\xampp\htdocs\siadm\protected\controllers\SantriController.php(57): SantriController->loadModel('21322')
#1 [internal function]: SantriController->actionView('21322')
#2 C:\xampp\htdocs\yii\web\actions\CAction.php(109): ReflectionMethod->invokeArgs(Object(SantriController), Array)
#3 C:\xampp\htdocs\yii\web\actions\CInlineAction.php(47): CAction->runWithParamsInternal(Object(SantriController), Object(ReflectionMethod), Array)
#4 C:\xampp\htdocs\yii\web\CController.php(308): CInlineAction->runWithParams(Array)
#5 C:\xampp\htdocs\yii\web\filters\CFilterChain.php(133): CController->runAction(Object(CInlineAction))
#6 C:\xampp\htdocs\yii\web\filters\CFilter.php(40): CFilterChain->run()
#7 C:\xampp\htdocs\yii\web\CController.php(1145): CFilter->filter(Object(CFilterChain))
#8 C:\xampp\htdocs\yii\web\filters\CInlineFilter.php(58): CController->filterAccessControl(Object(CFilterChain))
#9 C:\xampp\htdocs\yii\web\filters\CFilterChain.php(130): CInlineFilter->filter(Object(CFilterChain))
#10 C:\xampp\htdocs\yii\web\CController.php(291): CFilterChain->run()
#11 C:\xampp\htdocs\yii\web\CController.php(265): CController->runActionWithFilters(Object(CInlineAction), Array)
#12 C:\xampp\htdocs\yii\web\CWebApplication.php(282): CController->run('view')
#13 C:\xampp\htdocs\yii\web\CWebApplication.php(141): CWebApplication->runController('santri/view')
#14 C:\xampp\htdocs\yii\base\CApplication.php(185): CWebApplication->processRequest()
#15 C:\xampp\htdocs\siadm\index.php(13): CApplication->run()
#16 {main}
REQUEST_URI=/siadm/index.php/santri/21322
---
2016/04/15 15:34:54 [error] [exception.CHttpException.404] exception 'CHttpException' with message 'The requested page does not exist.' in C:\xampp\htdocs\siadm\protected\controllers\SantriController.php:189
Stack trace:
#0 C:\xampp\htdocs\siadm\protected\controllers\SantriController.php(57): SantriController->loadModel('1112')
#1 [internal function]: SantriController->actionView('1112')
#2 C:\xampp\htdocs\yii\web\actions\CAction.php(109): ReflectionMethod->invokeArgs(Object(SantriController), Array)
#3 C:\xampp\htdocs\yii\web\actions\CInlineAction.php(47): CAction->runWithParamsInternal(Object(SantriController), Object(ReflectionMethod), Array)
#4 C:\xampp\htdocs\yii\web\CController.php(308): CInlineAction->runWithParams(Array)
#5 C:\xampp\htdocs\yii\web\filters\CFilterChain.php(133): CController->runAction(Object(CInlineAction))
#6 C:\xampp\htdocs\yii\web\filters\CFilter.php(40): CFilterChain->run()
#7 C:\xampp\htdocs\yii\web\CController.php(1145): CFilter->filter(Object(CFilterChain))
#8 C:\xampp\htdocs\yii\web\filters\CInlineFilter.php(58): CController->filterAccessControl(Object(CFilterChain))
#9 C:\xampp\htdocs\yii\web\filters\CFilterChain.php(130): CInlineFilter->filter(Object(CFilterChain))
#10 C:\xampp\htdocs\yii\web\CController.php(291): CFilterChain->run()
#11 C:\xampp\htdocs\yii\web\CController.php(265): CController->runActionWithFilters(Object(CInlineAction), Array)
#12 C:\xampp\htdocs\yii\web\CWebApplication.php(282): CController->run('view')
#13 C:\xampp\htdocs\yii\web\CWebApplication.php(141): CWebApplication->runController('santri/view')
#14 C:\xampp\htdocs\yii\base\CApplication.php(185): CWebApplication->processRequest()
#15 C:\xampp\htdocs\siadm\index.php(13): CApplication->run()
#16 {main}
REQUEST_URI=/siadm/index.php/santri/1112
HTTP_REFERER=http://localhost/siadm/index.php/santri/create
---
2016/04/15 15:35:02 [error] [exception.CHttpException.404] exception 'CHttpException' with message 'The requested page does not exist.' in C:\xampp\htdocs\siadm\protected\controllers\SantriController.php:189
Stack trace:
#0 C:\xampp\htdocs\siadm\protected\controllers\SantriController.php(57): SantriController->loadModel('1112')
#1 [internal function]: SantriController->actionView('1112')
#2 C:\xampp\htdocs\yii\web\actions\CAction.php(109): ReflectionMethod->invokeArgs(Object(SantriController), Array)
#3 C:\xampp\htdocs\yii\web\actions\CInlineAction.php(47): CAction->runWithParamsInternal(Object(SantriController), Object(ReflectionMethod), Array)
#4 C:\xampp\htdocs\yii\web\CController.php(308): CInlineAction->runWithParams(Array)
#5 C:\xampp\htdocs\yii\web\filters\CFilterChain.php(133): CController->runAction(Object(CInlineAction))
#6 C:\xampp\htdocs\yii\web\filters\CFilter.php(40): CFilterChain->run()
#7 C:\xampp\htdocs\yii\web\CController.php(1145): CFilter->filter(Object(CFilterChain))
#8 C:\xampp\htdocs\yii\web\filters\CInlineFilter.php(58): CController->filterAccessControl(Object(CFilterChain))
#9 C:\xampp\htdocs\yii\web\filters\CFilterChain.php(130): CInlineFilter->filter(Object(CFilterChain))
#10 C:\xampp\htdocs\yii\web\CController.php(291): CFilterChain->run()
#11 C:\xampp\htdocs\yii\web\CController.php(265): CController->runActionWithFilters(Object(CInlineAction), Array)
#12 C:\xampp\htdocs\yii\web\CWebApplication.php(282): CController->run('view')
#13 C:\xampp\htdocs\yii\web\CWebApplication.php(141): CWebApplication->runController('santri/view')
#14 C:\xampp\htdocs\yii\base\CApplication.php(185): CWebApplication->processRequest()
#15 C:\xampp\htdocs\siadm\index.php(13): CApplication->run()
#16 {main}
REQUEST_URI=/siadm/index.php/santri/1112
HTTP_REFERER=http://localhost/siadm/index.php/santri/create
---
2016/04/15 17:14:34 [error] [php] Trying to get property of non-object (C:\xampp\htdocs\siadm\protected\controllers\SantriController.php:79)
Stack trace:
#0 C:\xampp\htdocs\yii\web\filters\CFilterChain.php(133): SantriController->runAction()
#1 C:\xampp\htdocs\yii\web\filters\CFilter.php(40): CFilterChain->run()
#2 C:\xampp\htdocs\yii\web\CController.php(1145): CAccessControlFilter->filter()
#3 C:\xampp\htdocs\yii\web\filters\CInlineFilter.php(58): SantriController->filterAccessControl()
#4 C:\xampp\htdocs\yii\web\filters\CFilterChain.php(130): CInlineFilter->filter()
#5 C:\xampp\htdocs\yii\web\CController.php(291): CFilterChain->run()
#6 C:\xampp\htdocs\yii\web\CController.php(265): SantriController->runActionWithFilters()
#7 C:\xampp\htdocs\yii\web\CWebApplication.php(282): SantriController->run()
#8 C:\xampp\htdocs\yii\web\CWebApplication.php(141): CWebApplication->runController()
#9 C:\xampp\htdocs\yii\base\CApplication.php(185): CWebApplication->processRequest()
#10 C:\xampp\htdocs\siadm\index.php(13): CWebApplication->run()
REQUEST_URI=/siadm/index.php/Santri/create
in C:\xampp\htdocs\siadm\protected\controllers\SantriController.php (79)
in C:\xampp\htdocs\siadm\index.php (13)
2016/04/15 17:14:55 [error] [php] Trying to get property of non-object (C:\xampp\htdocs\siadm\protected\controllers\SantriController.php:79)
Stack trace:
#0 C:\xampp\htdocs\yii\web\filters\CFilterChain.php(133): SantriController->runAction()
#1 C:\xampp\htdocs\yii\web\filters\CFilter.php(40): CFilterChain->run()
#2 C:\xampp\htdocs\yii\web\CController.php(1145): CAccessControlFilter->filter()
#3 C:\xampp\htdocs\yii\web\filters\CInlineFilter.php(58): SantriController->filterAccessControl()
#4 C:\xampp\htdocs\yii\web\filters\CFilterChain.php(130): CInlineFilter->filter()
#5 C:\xampp\htdocs\yii\web\CController.php(291): CFilterChain->run()
#6 C:\xampp\htdocs\yii\web\CController.php(265): SantriController->runActionWithFilters()
#7 C:\xampp\htdocs\yii\web\CWebApplication.php(282): SantriController->run()
#8 C:\xampp\htdocs\yii\web\CWebApplication.php(141): CWebApplication->runController()
#9 C:\xampp\htdocs\yii\base\CApplication.php(185): CWebApplication->processRequest()
#10 C:\xampp\htdocs\siadm\index.php(13): CWebApplication->run()
REQUEST_URI=/siadm/index.php/Santri/create
in C:\xampp\htdocs\siadm\protected\controllers\SantriController.php (79)
in C:\xampp\htdocs\siadm\index.php (13)
2016/04/15 17:15:29 [error] [php] Trying to get property of non-object (C:\xampp\htdocs\siadm\protected\controllers\SantriController.php:79)
Stack trace:
#0 C:\xampp\htdocs\yii\web\filters\CFilterChain.php(133): SantriController->runAction()
#1 C:\xampp\htdocs\yii\web\filters\CFilter.php(40): CFilterChain->run()
#2 C:\xampp\htdocs\yii\web\CController.php(1145): CAccessControlFilter->filter()
#3 C:\xampp\htdocs\yii\web\filters\CInlineFilter.php(58): SantriController->filterAccessControl()
#4 C:\xampp\htdocs\yii\web\filters\CFilterChain.php(130): CInlineFilter->filter()
#5 C:\xampp\htdocs\yii\web\CController.php(291): CFilterChain->run()
#6 C:\xampp\htdocs\yii\web\CController.php(265): SantriController->runActionWithFilters()
#7 C:\xampp\htdocs\yii\web\CWebApplication.php(282): SantriController->run()
#8 C:\xampp\htdocs\yii\web\CWebApplication.php(141): CWebApplication->runController()
#9 C:\xampp\htdocs\yii\base\CApplication.php(185): CWebApplication->processRequest()
#10 C:\xampp\htdocs\siadm\index.php(13): CWebApplication->run()
REQUEST_URI=/siadm/index.php/Santri/create
in C:\xampp\htdocs\siadm\protected\controllers\SantriController.php (79)
in C:\xampp\htdocs\siadm\index.php (13)
2016/04/15 17:16:25 [error] [php] Trying to get property of non-object (C:\xampp\htdocs\siadm\protected\controllers\SantriController.php:79)
Stack trace:
#0 C:\xampp\htdocs\yii\web\filters\CFilterChain.php(133): SantriController->runAction()
#1 C:\xampp\htdocs\yii\web\filters\CFilter.php(40): CFilterChain->run()
#2 C:\xampp\htdocs\yii\web\CController.php(1145): CAccessControlFilter->filter()
#3 C:\xampp\htdocs\yii\web\filters\CInlineFilter.php(58): SantriController->filterAccessControl()
#4 C:\xampp\htdocs\yii\web\filters\CFilterChain.php(130): CInlineFilter->filter()
#5 C:\xampp\htdocs\yii\web\CController.php(291): CFilterChain->run()
#6 C:\xampp\htdocs\yii\web\CController.php(265): SantriController->runActionWithFilters()
#7 C:\xampp\htdocs\yii\web\CWebApplication.php(282): SantriController->run()
#8 C:\xampp\htdocs\yii\web\CWebApplication.php(141): CWebApplication->runController()
#9 C:\xampp\htdocs\yii\base\CApplication.php(185): CWebApplication->processRequest()
#10 C:\xampp\htdocs\siadm\index.php(13): CWebApplication->run()
REQUEST_URI=/siadm/index.php/Santri/create
in C:\xampp\htdocs\siadm\protected\controllers\SantriController.php (79)
in C:\xampp\htdocs\siadm\index.php (13)
2016/04/15 17:59:01 [error] [php] Trying to get property of non-object (C:\xampp\htdocs\siadm\protected\controllers\SantriController.php:79)
Stack trace:
#0 C:\xampp\htdocs\yii\web\filters\CFilterChain.php(133): SantriController->runAction()
#1 C:\xampp\htdocs\yii\web\filters\CFilter.php(40): CFilterChain->run()
#2 C:\xampp\htdocs\yii\web\CController.php(1145): CAccessControlFilter->filter()
#3 C:\xampp\htdocs\yii\web\filters\CInlineFilter.php(58): SantriController->filterAccessControl()
#4 C:\xampp\htdocs\yii\web\filters\CFilterChain.php(130): CInlineFilter->filter()
#5 C:\xampp\htdocs\yii\web\CController.php(291): CFilterChain->run()
#6 C:\xampp\htdocs\yii\web\CController.php(265): SantriController->runActionWithFilters()
#7 C:\xampp\htdocs\yii\web\CWebApplication.php(282): SantriController->run()
#8 C:\xampp\htdocs\yii\web\CWebApplication.php(141): CWebApplication->runController()
#9 C:\xampp\htdocs\yii\base\CApplication.php(185): CWebApplication->processRequest()
#10 C:\xampp\htdocs\siadm\index.php(13): CWebApplication->run()
REQUEST_URI=/siadm/index.php/Santri/create
in C:\xampp\htdocs\siadm\protected\controllers\SantriController.php (79)
in C:\xampp\htdocs\siadm\index.php (13)
2016/04/15 18:02:33 [error] [php] Trying to get property of non-object (C:\xampp\htdocs\siadm\protected\controllers\SantriController.php:79)
Stack trace:
#0 C:\xampp\htdocs\yii\web\filters\CFilterChain.php(133): SantriController->runAction()
#1 C:\xampp\htdocs\yii\web\filters\CFilter.php(40): CFilterChain->run()
#2 C:\xampp\htdocs\yii\web\CController.php(1145): CAccessControlFilter->filter()
#3 C:\xampp\htdocs\yii\web\filters\CInlineFilter.php(58): SantriController->filterAccessControl()
#4 C:\xampp\htdocs\yii\web\filters\CFilterChain.php(130): CInlineFilter->filter()
#5 C:\xampp\htdocs\yii\web\CController.php(291): CFilterChain->run()
#6 C:\xampp\htdocs\yii\web\CController.php(265): SantriController->runActionWithFilters()
#7 C:\xampp\htdocs\yii\web\CWebApplication.php(282): SantriController->run()
#8 C:\xampp\htdocs\yii\web\CWebApplication.php(141): CWebApplication->runController()
#9 C:\xampp\htdocs\yii\base\CApplication.php(185): CWebApplication->processRequest()
#10 C:\xampp\htdocs\siadm\index.php(13): CWebApplication->run()
REQUEST_URI=/siadm/index.php/Santri/create
in C:\xampp\htdocs\siadm\protected\controllers\SantriController.php (79)
in C:\xampp\htdocs\siadm\index.php (13)
2016/04/16 08:49:57 [error] [exception.CHttpException.400] exception 'CHttpException' with message 'Your request is invalid.' in C:\xampp\htdocs\yii\web\CController.php:336
Stack trace:
#0 C:\xampp\htdocs\yii\web\CController.php(309): CController->invalidActionParams(Object(CInlineAction))
#1 C:\xampp\htdocs\yii\web\filters\CFilterChain.php(133): CController->runAction(Object(CInlineAction))
#2 C:\xampp\htdocs\yii\web\CController.php(1116): CFilterChain->run()
#3 C:\xampp\htdocs\yii\web\filters\CInlineFilter.php(58): CController->filterPostOnly(Object(CFilterChain))
#4 C:\xampp\htdocs\yii\web\filters\CFilterChain.php(130): CInlineFilter->filter(Object(CFilterChain))
#5 C:\xampp\htdocs\yii\web\filters\CFilter.php(40): CFilterChain->run()
#6 C:\xampp\htdocs\yii\web\CController.php(1145): CFilter->filter(Object(CFilterChain))
#7 C:\xampp\htdocs\yii\web\filters\CInlineFilter.php(58): CController->filterAccessControl(Object(CFilterChain))
#8 C:\xampp\htdocs\yii\web\filters\CFilterChain.php(130): CInlineFilter->filter(Object(CFilterChain))
#9 C:\xampp\htdocs\yii\web\CController.php(291): CFilterChain->run()
#10 C:\xampp\htdocs\yii\web\CController.php(265): CController->runActionWithFilters(Object(CInlineAction), Array)
#11 C:\xampp\htdocs\yii\web\CWebApplication.php(282): CController->run('delete')
#12 C:\xampp\htdocs\yii\web\CWebApplication.php(141): CWebApplication->runController('santri/delete')
#13 C:\xampp\htdocs\yii\base\CApplication.php(185): CWebApplication->processRequest()
#14 C:\xampp\htdocs\siadm\index.php(13): CApplication->run()
#15 {main}
REQUEST_URI=/siadm/index.php/santri/delete/?ajax=santri-grid
HTTP_REFERER=http://localhost/siadm/index.php/santri/
---
2016/04/16 08:50:01 [error] [exception.CHttpException.400] exception 'CHttpException' with message 'Your request is invalid.' in C:\xampp\htdocs\yii\web\CController.php:336
Stack trace:
#0 C:\xampp\htdocs\yii\web\CController.php(309): CController->invalidActionParams(Object(CInlineAction))
#1 C:\xampp\htdocs\yii\web\filters\CFilterChain.php(133): CController->runAction(Object(CInlineAction))
#2 C:\xampp\htdocs\yii\web\filters\CFilter.php(40): CFilterChain->run()
#3 C:\xampp\htdocs\yii\web\CController.php(1145): CFilter->filter(Object(CFilterChain))
#4 C:\xampp\htdocs\yii\web\filters\CInlineFilter.php(58): CController->filterAccessControl(Object(CFilterChain))
#5 C:\xampp\htdocs\yii\web\filters\CFilterChain.php(130): CInlineFilter->filter(Object(CFilterChain))
#6 C:\xampp\htdocs\yii\web\CController.php(291): CFilterChain->run()
#7 C:\xampp\htdocs\yii\web\CController.php(265): CController->runActionWithFilters(Object(CInlineAction), Array)
#8 C:\xampp\htdocs\yii\web\CWebApplication.php(282): CController->run('update')
#9 C:\xampp\htdocs\yii\web\CWebApplication.php(141): CWebApplication->runController('santri/update')
#10 C:\xampp\htdocs\yii\base\CApplication.php(185): CWebApplication->processRequest()
#11 C:\xampp\htdocs\siadm\index.php(13): CApplication->run()
#12 {main}
REQUEST_URI=/siadm/index.php/santri/update/
HTTP_REFERER=http://localhost/siadm/index.php/santri/
---
